<?xml version="1.0" encoding="UTF-8"?>
<testsuite name="org.toomy.graphqltest.adapter.in.graphql.GqlCoffeeControllerIntTest" tests="3" skipped="0" failures="0" errors="0" timestamp="2022-12-26T11:37:01" hostname="t460s" time="0.46">
  <properties/>
  <testcase name="testValidIdShouldReturnCoffee()" classname="org.toomy.graphqltest.adapter.in.graphql.GqlCoffeeControllerIntTest" time="0.4"/>
  <testcase name="setTestFindAllCoffeesShouldReturnAllCoffies()" classname="org.toomy.graphqltest.adapter.in.graphql.GqlCoffeeControllerIntTest" time="0.029"/>
  <testcase name="shouldCreateNewCoffee()" classname="org.toomy.graphqltest.adapter.in.graphql.GqlCoffeeControllerIntTest" time="0.026"/>
  <system-out><![CDATA[12:36:58.764 [Test worker] DEBUG org.springframework.boot.test.autoconfigure.graphql.GraphQlTestContextBootstrapper - Neither @ContextConfiguration nor @ContextHierarchy found for test class [GqlCoffeeControllerIntTest]: using SpringBootContextLoader
12:36:58.774 [Test worker] DEBUG org.springframework.test.context.support.AbstractContextLoader - Could not detect default resource locations for test class [org.toomy.graphqltest.adapter.in.graphql.GqlCoffeeControllerIntTest]: no resource found for suffixes {-context.xml, Context.groovy}.
12:36:58.776 [Test worker] INFO org.springframework.test.context.support.AnnotationConfigContextLoaderUtils - Could not detect default configuration classes for test class [org.toomy.graphqltest.adapter.in.graphql.GqlCoffeeControllerIntTest]: GqlCoffeeControllerIntTest does not declare any static, non-private, non-final, nested classes annotated with @Configuration.
12:36:58.856 [Test worker] DEBUG org.springframework.boot.test.autoconfigure.graphql.GraphQlTestContextBootstrapper - Using ContextCustomizers for test class [GqlCoffeeControllerIntTest]: [DisableAutoConfigurationContextCustomizer, DisableObservabilityContextCustomizer, TypeExcludeFiltersContextCustomizer, PropertyMappingContextCustomizer, Customizer, ImportsContextCustomizer, ExcludeFilterContextCustomizer, DuplicateJsonObjectContextCustomizer, MockitoContextCustomizer]
12:36:58.962 [Test worker] DEBUG org.springframework.context.annotation.ClassPathScanningCandidateComponentProvider - Identified candidate component class: file [/home/markus/develop/private-dev/graphql-test/build/classes/java/main/org/toomy/graphqltest/GraphqlTestApplication.class]
12:36:58.964 [Test worker] INFO org.springframework.boot.test.context.SpringBootTestContextBootstrapper - Found @SpringBootConfiguration org.toomy.graphqltest.GraphqlTestApplication for test class org.toomy.graphqltest.adapter.in.graphql.GqlCoffeeControllerIntTest
12:36:58.974 [Test worker] DEBUG org.springframework.test.context.util.TestContextSpringFactoriesUtils - Skipping candidate TestExecutionListener [org.springframework.test.context.web.ServletTestExecutionListener] due to a missing dependency. Specify custom TestExecutionListener classes or make the default TestExecutionListener classes and their required dependencies available. Offending class: [jakarta/servlet/ServletContext]
12:36:58.988 [Test worker] DEBUG org.springframework.boot.test.autoconfigure.graphql.GraphQlTestContextBootstrapper - Using TestExecutionListeners for test class [GqlCoffeeControllerIntTest]: [DirtiesContextBeforeModesTestExecutionListener, ApplicationEventsTestExecutionListener, MockitoTestExecutionListener, DependencyInjectionTestExecutionListener, DirtiesContextTestExecutionListener, TransactionalTestExecutionListener, SqlScriptsTestExecutionListener, EventPublishingTestExecutionListener, RestDocsTestExecutionListener, MockRestServiceServerResetTestExecutionListener, MockMvcPrintOnlyOnFailureTestExecutionListener, WebDriverTestExecutionListener, MockWebServiceServerTestExecutionListener, ResetMocksTestExecutionListener]
12:36:58.990 [Test worker] DEBUG org.springframework.test.context.support.AbstractDirtiesContextTestExecutionListener - Before test class: class [GqlCoffeeControllerIntTest], class annotated with @DirtiesContext [false] with mode [null]

  .   ____          _            __ _ _
 /\\ / ___'_ __ _ _(_)_ __  __ _ \ \ \ \
( ( )\___ | '_ | '_| | '_ \/ _` | \ \ \ \
 \\/  ___)| |_)| | | | | || (_| |  ) ) ) )
  '  |____| .__|_| |_|_| |_\__, | / / / /
 =========|_|==============|___/=/_/_/_/
 :: Spring Boot ::                (v3.0.1)

2022-12-26T12:36:59.568+01:00  INFO 110603 --- [    Test worker] o.t.g.a.i.g.GqlCoffeeControllerIntTest   : Starting GqlCoffeeControllerIntTest using Java 17.0.5 with PID 110603 (started by markus in /home/markus/develop/private-dev/graphql-test)
2022-12-26T12:36:59.571+01:00  INFO 110603 --- [    Test worker] o.t.g.a.i.g.GqlCoffeeControllerIntTest   : No active profile set, falling back to 1 default profile: "default"
2022-12-26T12:37:00.954+01:00  INFO 110603 --- [    Test worker] efaultSchemaResourceGraphQlSourceBuilder : Loaded 1 resource(s) in the GraphQL schema.
2022-12-26T12:37:01.328+01:00  INFO 110603 --- [    Test worker] o.t.g.a.i.g.GqlCoffeeControllerIntTest   : Started GqlCoffeeControllerIntTest in 2.27 seconds (process running for 3.956)
]]></system-out>
  <system-err><![CDATA[]]></system-err>
</testsuite>
